-------------------------------------------------------------------------------
Test set: com.mycompany.davidcarrerojimenez_ej2.exud4.ConversorTest
-------------------------------------------------------------------------------
Tests run: 3, Failures: 3, Errors: 0, Skipped: 0, Time elapsed: 0.024 sec <<< FAILURE!
com.mycompany.davidcarrerojimenez_ej2.exud4.ConversorTest.testMain()  Time elapsed: 0.023 sec  <<< FAILURE!
org.opentest4j.AssertionFailedError: The test case is a prototype.
	at org.junit.jupiter.api.AssertionUtils.fail(AssertionUtils.java:39)
	at org.junit.jupiter.api.Assertions.fail(Assertions.java:109)
	at com.mycompany.davidcarrerojimenez_ej2.exud4.ConversorTest.testMain(ConversorTest.java:28)

com.mycompany.davidcarrerojimenez_ej2.exud4.ConversorTest.testFahrenheitACelsius()  Time elapsed: 0 sec  <<< FAILURE!
org.opentest4j.AssertionFailedError: The test case is a prototype.
	at org.junit.jupiter.api.AssertionUtils.fail(AssertionUtils.java:39)
	at org.junit.jupiter.api.Assertions.fail(Assertions.java:109)
	at com.mycompany.davidcarrerojimenez_ej2.exud4.ConversorTest.testFahrenheitACelsius(ConversorTest.java:56)

com.mycompany.davidcarrerojimenez_ej2.exud4.ConversorTest.testCelsiusAFahrenheit()  Time elapsed: 0 sec  <<< FAILURE!
org.opentest4j.AssertionFailedError: The test case is a prototype.
	at org.junit.jupiter.api.AssertionUtils.fail(AssertionUtils.java:39)
	at org.junit.jupiter.api.Assertions.fail(Assertions.java:109)
	at com.mycompany.davidcarrerojimenez_ej2.exud4.ConversorTest.testCelsiusAFahrenheit(ConversorTest.java:42)

